[ERROR] 18:50:53:200 Memoria/(9481:9481): Falta una de las siguientes propiedades en el archivo de configuración: 'puerto_escucha', 'tam_memoria', 'tam_segmento_0', 'cant_segmentos', 'retardo_memoria', 'retardo_compactacion', 'algoritmo_asignacion'
[INFO] 18:52:03:498 Memoria/(9690:9690): Memoria lista para recibir peticiones
[INFO] 23:19:16:794 Memoria/(4216:4216): Memoria lista para recibir peticiones
[INFO] 23:21:57:628 Memoria/(4274:4274): Memoria lista para recibir peticiones
[INFO] 23:35:59:419 Memoria/(4684:4684): Memoria lista para recibir peticiones
[INFO] 23:36:08:211 Memoria/(4684:4684): Se conecto un cliente!
[ERROR] 23:36:45:252 Memoria/(4684:4684): El cliente se desconecto. Terminando servidor
[INFO] 23:37:39:031 Memoria/(4771:4771): Memoria lista para recibir peticiones
[INFO] 23:37:51:243 Memoria/(4771:4771): Se conecto un cliente!
[ERROR] 23:38:00:428 Memoria/(4771:4771): El cliente se desconecto. Terminando servidor
[INFO] 23:38:08:215 Memoria/(4828:4828): Memoria lista para recibir peticiones
[INFO] 23:38:29:841 Memoria/(4828:4828): Se conecto un cliente!
[ERROR] 23:40:22:140 Memoria/(4828:4828): El cliente se desconecto. Terminando servidor
[INFO] 23:40:37:921 Memoria/(4961:4961): Memoria lista para recibir peticiones
[INFO] 23:44:30:856 Memoria/(5217:5217): Memoria lista para recibir peticiones
[INFO] 23:44:38:748 Memoria/(5217:5217): Se conecto un cliente!
[ERROR] 23:44:46:961 Memoria/(5217:5217): El cliente se desconecto. Terminando servidor
[INFO] 23:44:51:246 Memoria/(5269:5269): Memoria lista para recibir peticiones
[INFO] 23:45:22:691 Memoria/(5293:5293): Memoria lista para recibir peticiones
[INFO] 23:45:48:815 Memoria/(5293:5293): Se conecto un cliente!
[ERROR] 23:46:25:230 Memoria/(5293:5293): El cliente se desconecto. Terminando servidor
[INFO] 23:46:32:821 Memoria/(5402:5402): Memoria lista para recibir peticiones
[INFO] 23:46:43:810 Memoria/(5402:5402): Se conecto un cliente!
[ERROR] 23:48:17:738 Memoria/(5402:5402): El cliente se desconecto. Terminando servidor
[INFO] 23:48:39:869 Memoria/(5531:5531): Memoria lista para recibir peticiones
[INFO] 23:48:53:590 Memoria/(5531:5531): Se conecto un cliente!
[ERROR] 23:49:12:865 Memoria/(5531:5531): El cliente se desconecto. Terminando servidor
[INFO] 23:49:24:923 Memoria/(5626:5626): Memoria lista para recibir peticiones
[INFO] 23:49:46:875 Memoria/(5626:5626): Se conecto un cliente!
[ERROR] 23:50:29:772 Memoria/(5626:5626): El cliente se desconecto. Terminando servidor
[INFO] 23:51:11:721 Memoria/(5771:5771): Memoria lista para recibir peticiones
[INFO] 23:51:17:304 Memoria/(5771:5771): Se conecto un cliente!
[ERROR] 23:51:17:585 Memoria/(5771:5771): El cliente se desconecto. Terminando servidor
[INFO] 23:51:53:448 Memoria/(5848:5848): Memoria lista para recibir peticiones
[INFO] 23:51:58:057 Memoria/(5848:5848): Se conecto un cliente!
[ERROR] 23:53:17:494 Memoria/(5848:5848): El cliente se desconecto. Terminando servidor
[INFO] 23:53:28:527 Memoria/(5892:5892): Memoria lista para recibir peticiones
[INFO] 23:54:14:873 Memoria/(5892:5892): Se conecto un cliente!
[ERROR] 23:55:16:490 Memoria/(5892:5892): El cliente se desconecto. Terminando servidor
[INFO] 23:55:32:632 Memoria/(6017:6017): Memoria lista para recibir peticiones
[INFO] 23:56:02:803 Memoria/(6017:6017): Se conecto un cliente!
[INFO] 23:56:48:966 Memoria/(6127:6127): Memoria lista para recibir peticiones
[INFO] 23:56:59:142 Memoria/(6172:6172): Memoria lista para recibir peticiones
[INFO] 00:07:56:677 Memoria/(6860:6860): Memoria lista para recibir peticiones
[INFO] 00:08:02:717 Memoria/(6860:6860): Se conecto un cliente!
[INFO] 00:08:02:718 Memoria/(6860:6860): Me llego el mensaje OK
[ERROR] 00:08:53:237 Memoria/(6860:6860): El cliente se desconecto. Terminando servidor
[INFO] 00:10:19:488 Memoria/(7058:7058): Memoria lista para recibir peticiones
[INFO] 00:10:59:208 Memoria/(7058:7058): Se conecto un cliente!
[ERROR] 00:11:31:901 Memoria/(7058:7058): El cliente se desconecto. Terminando servidor
[INFO] 00:16:15:373 Memoria/(7318:7318): Memoria lista para recibir peticiones
[INFO] 00:16:21:347 Memoria/(7318:7318): Se conecto un cliente!
[ERROR] 00:17:08:622 Memoria/(7318:7318): El cliente se desconecto. Terminando servidor
[INFO] 00:19:03:255 Memoria/(7479:7479): Memoria lista para recibir peticiones
[INFO] 00:19:09:553 Memoria/(7479:7479): Se conecto un cliente!
[ERROR] 00:19:28:456 Memoria/(7479:7479): El cliente se desconecto. Terminando servidor
[INFO] 00:20:14:376 Memoria/(7572:7572): Memoria lista para recibir peticiones
[INFO] 00:20:20:997 Memoria/(7572:7572): Se conecto un cliente!
[ERROR] 00:22:21:690 Memoria/(7572:7572): El cliente se desconecto. Terminando servidor
[INFO] 00:24:29:210 Memoria/(7805:7805): Memoria lista para recibir peticiones
[INFO] 00:24:33:530 Memoria/(7805:7805): Se conecto un cliente!
[ERROR] 00:29:40:264 Memoria/(7805:7805): El cliente se desconecto. Terminando servidor
[INFO] 19:03:50:270 Memoria/(1863:1863): Memoria lista para recibir peticiones
[INFO] 19:13:53:906 Memoria/(2179:2179): Memoria lista para recibir peticiones
[INFO] 19:14:09:212 Memoria/(2179:2179): Se conecto un cliente!
[INFO] 19:19:59:346 Memoria/(2274:2274): Memoria lista para recibir peticiones
[INFO] 19:20:06:886 Memoria/(2274:2274): Se conecto un cliente!
[INFO] 19:20:50:824 Memoria/(2274:2274): Se conecto un cliente!
[INFO] 19:23:00:106 Memoria/(2396:2396): Memoria lista para recibir peticiones
[INFO] 19:23:07:738 Memoria/(2396:2396): Se conecto un cliente!
[INFO] 19:23:15:713 Memoria/(2396:2396): Se conecto un cliente!
[INFO] 19:23:26:547 Memoria/(2396:2396): Se conecto un cliente!
[INFO] 19:26:09:670 Memoria/(2541:2541): Memoria lista para recibir peticiones
[INFO] 19:26:20:685 Memoria/(2396:2396): Se conecto un cliente!
[INFO] 19:27:04:708 Memoria/(2396:2396): Se conecto un cliente!
[INFO] 19:27:55:381 Memoria/(2576:2576): Memoria lista para recibir peticiones
[INFO] 19:28:01:435 Memoria/(2576:2576): Se conecto un cliente!
[INFO] 19:28:14:043 Memoria/(2576:2576): Se conecto un cliente!
[INFO] 19:28:21:682 Memoria/(2576:2576): Se conecto un cliente!
[ERROR] 19:28:36:074 Memoria/(2576:2617): El cliente se desconecto. Terminando servidor
[ERROR] 19:28:36:077 Memoria/(2576:2593): El cliente se desconecto. Terminando servidor
[ERROR] 19:28:36:079 Memoria/(2576:2605): El cliente se desconecto. Terminando servidor
[INFO] 19:31:01:603 Memoria/(2710:2710): Memoria lista para recibir peticiones
[INFO] 19:31:09:305 Memoria/(2576:2576): Se conecto un cliente!
[ERROR] 19:31:13:505 Memoria/(2576:2727): El cliente se desconecto. Terminando servidor
[INFO] 19:31:46:060 Memoria/(2748:2748): Memoria lista para recibir peticiones
[INFO] 19:31:51:243 Memoria/(2748:2748): Se conecto un cliente!
[ERROR] 19:31:57:957 Memoria/(2748:2765): El cliente se desconecto. Terminando servidor
[INFO] 19:36:25:020 Memoria/(2801:2801): Memoria lista para recibir peticiones
[INFO] 19:37:06:575 Memoria/(2801:2801): Se conecto un cliente!
[ERROR] 19:38:35:152 Memoria/(2801:2873): El cliente se desconecto. Terminando servidor
[INFO] 19:40:56:991 Memoria/(2975:2975): Memoria lista para recibir peticiones
[INFO] 19:41:03:809 Memoria/(2975:2975): Se conecto un cliente!
[INFO] 19:44:56:724 Memoria/(3048:3048): Memoria lista para recibir peticiones
[INFO] 19:45:05:064 Memoria/(3048:3048): Se conecto un cliente!
[INFO] 19:49:33:284 Memoria/(3267:3267): Memoria lista para recibir peticiones
[INFO] 19:49:38:397 Memoria/(3267:3267): Se conecto un cliente!
[INFO] 19:49:38:400 Memoria/(3267:3267): HILO detacheado!!
[ERROR] 19:49:53:906 Memoria/(3267:3285): El cliente se desconecto. Terminando servidor
[INFO] 20:09:32:295 Memoria/(3591:3591): Memoria lista para recibir peticiones
[INFO] 20:09:40:757 Memoria/(3591:3591): Se conecto un cliente!
[INFO] 20:09:46:547 Memoria/(3591:3591): Se conecto un cliente!
[INFO] 20:09:53:249 Memoria/(3591:3591): Se conecto un cliente!
[INFO] 20:09:53:249 Memoria/(3591:3591): SE conectaron todos los módulos!!
[INFO] 20:10:48:892 Memoria/(3646:3646): Memoria lista para recibir peticiones
[INFO] 20:10:56:964 Memoria/(3646:3646): Se conecto un cliente!
[INFO] 20:11:04:925 Memoria/(3646:3646): Se conecto un cliente!
[INFO] 20:11:12:261 Memoria/(3646:3646): Se conecto un cliente!
[INFO] 20:11:12:262 Memoria/(3646:3646): SE conectaron todos los módulos!!
[INFO] 20:12:23:069 Memoria/(3731:3731): Memoria lista para recibir peticiones
[INFO] 20:12:42:535 Memoria/(3731:3731): Se conecto un cliente!
[INFO] 20:12:48:997 Memoria/(3731:3731): Se conecto un cliente!
[INFO] 20:12:53:798 Memoria/(3731:3731): Se conecto un cliente!
[ERROR] 20:15:12:631 Memoria/(3731:3791): El cliente se desconecto. Terminando servidor
[ERROR] 20:15:12:634 Memoria/(3731:3774): El cliente se desconecto. Terminando servidor
[ERROR] 20:15:12:635 Memoria/(3731:3758): El cliente se desconecto. Terminando servidor
[INFO] 20:16:14:919 Memoria/(3859:3859): Memoria lista para recibir peticiones
[INFO] 20:16:20:032 Memoria/(3859:3859): Se conecto un cliente!
[INFO] 20:16:22:407 Memoria/(3859:3859): Se conecto un cliente!
[INFO] 20:16:25:504 Memoria/(3859:3859): Se conecto un cliente!
[INFO] 20:16:25:506 Memoria/(3859:3859): SE conectaron todos los módulos!!
[INFO] 20:18:43:007 Memoria/(3985:3985): Memoria lista para recibir peticiones
[INFO] 20:18:54:537 Memoria/(3985:3985): Se conecto un cliente!
[ERROR] 20:19:36:623 Memoria/(3985:4004): El cliente se desconecto. Terminando servidor
[INFO] 20:20:58:005 Memoria/(4068:4068): Memoria lista para recibir peticiones
[INFO] 20:21:05:020 Memoria/(4068:4068): Se conecto un cliente!
[INFO] 20:21:09:156 Memoria/(4068:4068): Se conecto un cliente!
[INFO] 20:21:16:255 Memoria/(4068:4068): Se conecto un cliente!
[INFO] 20:21:16:256 Memoria/(4068:4068): SE conectaron todos los módulos!!
[INFO] 20:22:44:508 Memoria/(4156:4156): Memoria lista para recibir peticiones
[INFO] 20:22:49:234 Memoria/(4156:4156): Se conecto un cliente!
[INFO] 20:22:53:639 Memoria/(4156:4156): Se conecto un cliente!
[INFO] 20:23:02:364 Memoria/(4156:4156): Se conecto un cliente!
[INFO] 20:23:02:366 Memoria/(4156:4156): SE conectaron todos los módulos!!
[INFO] 20:24:31:009 Memoria/(4237:4237): Memoria lista para recibir peticiones
[INFO] 20:24:37:415 Memoria/(4237:4237): Se conecto un cliente!
[INFO] 20:24:42:742 Memoria/(4237:4237): Se conecto un cliente!
[INFO] 20:24:52:962 Memoria/(4237:4237): Se conecto un cliente!
[INFO] 20:24:52:963 Memoria/(4237:4237): SE conectaron todos los módulos!!
[INFO] 20:25:20:280 Memoria/(4315:4315): Memoria lista para recibir peticiones
[INFO] 20:25:25:475 Memoria/(4315:4315): Se conecto un cliente!
[INFO] 20:25:29:137 Memoria/(4315:4315): Se conecto un cliente!
[INFO] 20:25:34:733 Memoria/(4315:4315): Se conecto un cliente!
[INFO] 20:25:34:735 Memoria/(4315:4315): SE conectaron todos los módulos!!
[INFO] 23:10:16:741 Memoria/(2757:2757): Memoria lista para recibir peticiones
[INFO] 23:10:29:931 Memoria/(2757:2757): Se conecto un cliente!
[INFO] 23:10:49:954 Memoria/(2757:2757): Se conecto un cliente!
[INFO] 23:10:57:055 Memoria/(2757:2757): Se conecto un cliente!
[INFO] 23:10:57:056 Memoria/(2757:2757): SE conectaron todos los módulos!!
[INFO] 23:11:33:293 Memoria/(2859:2859): Memoria lista para recibir peticiones
[INFO] 23:11:42:709 Memoria/(2859:2859): Se conecto un cliente!
[INFO] 23:12:01:735 Memoria/(2859:2859): Se conecto un cliente!
[ERROR] 23:12:12:306 Memoria/(2859:2897): El cliente se desconecto. Terminando servidor
[INFO] 23:12:13:435 Memoria/(2859:2859): Se conecto un cliente!
[INFO] 23:12:13:436 Memoria/(2859:2859): SE conectaron todos los módulos!!
[INFO] 23:12:46:529 Memoria/(2916:2916): Memoria lista para recibir peticiones
[INFO] 23:12:53:246 Memoria/(2916:2916): Se conecto un cliente!
[INFO] 23:13:00:523 Memoria/(2916:2916): Se conecto un cliente!
[INFO] 23:13:13:639 Memoria/(2916:2916): Se conecto un cliente!
[INFO] 23:13:13:643 Memoria/(2916:2916): SE conectaron todos los módulos!!
[INFO] 23:14:26:556 Memoria/(2993:2993): Memoria lista para recibir peticiones
[INFO] 23:14:31:185 Memoria/(2993:2993): Se conecto un cliente!
[INFO] 23:14:35:645 Memoria/(2993:2993): Se conecto un cliente!
[INFO] 23:14:39:593 Memoria/(2993:2993): Se conecto un cliente!
[INFO] 23:14:39:594 Memoria/(2993:2993): SE conectaron todos los módulos!!
[INFO] 22:29:47:319 Memoria/(1917:1917): Memoria lista para recibir peticiones
[INFO] 22:29:59:150 Memoria/(1917:1917): Se conecto un cliente!
[INFO] 22:30:07:762 Memoria/(1917:1917): Se conecto un cliente!
[INFO] 22:30:17:629 Memoria/(1917:1917): Se conecto un cliente!
[INFO] 22:30:17:630 Memoria/(1917:1917): SE conectaron todos los módulos!!
[INFO] 22:31:11:152 Memoria/(2025:2025): Memoria lista para recibir peticiones
[INFO] 22:31:20:320 Memoria/(2025:2025): Se conecto un cliente!
[INFO] 22:31:25:792 Memoria/(2025:2025): Se conecto un cliente!
[INFO] 22:31:35:478 Memoria/(2025:2025): Se conecto un cliente!
[INFO] 22:31:35:480 Memoria/(2025:2025): SE conectaron todos los módulos!!
[INFO] 22:40:24:602 Memoria/(2471:2471): Memoria lista para recibir peticiones
[INFO] 22:40:33:550 Memoria/(2471:2471): Se conecto un cliente!
[INFO] 22:40:38:912 Memoria/(2471:2471): Se conecto un cliente!
[INFO] 22:40:46:470 Memoria/(2471:2471): Se conecto un cliente!
[ERROR] 22:49:22:880 Memoria/(2471:2531): El cliente se desconecto. Terminando servidor
[ERROR] 22:49:22:885 Memoria/(2471:2500): El cliente se desconecto. Terminando servidor
[ERROR] 22:49:22:886 Memoria/(2471:2488): El cliente se desconecto. Terminando servidor
[INFO] 22:51:22:880 Memoria/(2814:2814): Memoria lista para recibir peticiones
[INFO] 22:51:33:705 Memoria/(2814:2814): Se conecto un cliente!
[INFO] 22:51:38:442 Memoria/(2814:2814): Se conecto un cliente!
[INFO] 22:55:37:169 Memoria/(2814:2814): Se conecto un cliente!
[ERROR] 22:56:05:956 Memoria/(2814:2998): El cliente se desconecto. Terminando servidor
[ERROR] 22:56:05:960 Memoria/(2814:2845): El cliente se desconecto. Terminando servidor
[ERROR] 22:56:05:964 Memoria/(2814:2831): El cliente se desconecto. Terminando servidor
[INFO] 21:03:26:694 Memoria/(2197:2197): Memoria lista para recibir peticiones
[INFO] 21:03:49:534 Memoria/(2197:2197): Se conecto un cliente!
[ERROR] 21:03:49:547 Memoria/(2197:2215): El cliente se desconecto. Terminando servidor
[INFO] 21:09:06:493 Memoria/(2274:2274): Memoria lista para recibir peticiones
[INFO] 21:09:53:131 Memoria/(2274:2274): Se conecto un cliente!
[ERROR] 21:09:53:134 Memoria/(2274:2354): El cliente se desconecto. Terminando servidor
[INFO] 21:11:58:329 Memoria/(2441:2441): Memoria lista para recibir peticiones
[INFO] 21:12:03:876 Memoria/(2441:2441): Se conecto un cliente!
[ERROR] 21:12:03:878 Memoria/(2441:2488): El cliente se desconecto. Terminando servidor
[INFO] 21:13:35:899 Memoria/(2511:2511): Memoria lista para recibir peticiones
[INFO] 21:14:25:220 Memoria/(2571:2571): Memoria lista para recibir peticiones
[INFO] 21:14:29:762 Memoria/(2571:2571): Se conecto un cliente!
[ERROR] 21:14:29:763 Memoria/(2571:2590): El cliente se desconecto. Terminando servidor
[INFO] 21:16:32:501 Memoria/(2674:2674): Memoria lista para recibir peticiones
[INFO] 21:17:15:894 Memoria/(2674:2674): Se conecto un cliente!
[ERROR] 21:17:15:896 Memoria/(2674:2724): El cliente se desconecto. Terminando servidor
[INFO] 21:18:05:971 Memoria/(2674:2674): Se conecto un cliente!
[ERROR] 21:18:05:976 Memoria/(2674:2780): El cliente se desconecto. Terminando servidor
[INFO] 21:23:35:947 Memoria/(2844:2844): Memoria lista para recibir peticiones
[INFO] 21:24:20:978 Memoria/(2876:2876): Memoria lista para recibir peticiones
[INFO] 21:25:08:415 Memoria/(2876:2876): Se conecto un cliente!
[ERROR] 21:25:20:016 Memoria/(2876:2976): El cliente se desconecto. Terminando servidor
[INFO] 21:32:25:654 Memoria/(3068:3068): Memoria lista para recibir peticiones
[INFO] 21:32:54:462 Memoria/(3068:3068): Se conecto un cliente!
[ERROR] 21:34:06:832 Memoria/(3068:3140): El cliente se desconecto. Terminando servidor
[INFO] 21:36:59:288 Memoria/(3297:3297): Memoria lista para recibir peticiones
[INFO] 21:37:06:962 Memoria/(3297:3297): Se conecto un cliente!
[INFO] 21:37:15:369 Memoria/(3297:3297): Se conecto un cliente!
[INFO] 21:37:37:630 Memoria/(3297:3297): Se conecto un cliente!
[ERROR] 21:37:37:936 Memoria/(3297:3365): El cliente se desconecto. Terminando servidor
[ERROR] 21:37:37:937 Memoria/(3297:3314): El cliente se desconecto. Terminando servidor
[ERROR] 21:37:38:181 Memoria/(3297:3351): El cliente se desconecto. Terminando servidor
[INFO] 22:36:40:628 Memoria/(3530:3530): Memoria lista para recibir peticiones
[INFO] 22:37:03:251 Memoria/(3530:3530): Se conecto un cliente!
[INFO] 22:37:11:817 Memoria/(3530:3530): Se conecto un cliente!
[INFO] 22:37:58:317 Memoria/(3530:3530): Se conecto un cliente!
[ERROR] 22:39:59:009 Memoria/(3530:3625): El cliente se desconecto. Terminando servidor
[ERROR] 22:39:59:010 Memoria/(3530:3552): El cliente se desconecto. Terminando servidor
[ERROR] 22:39:59:290 Memoria/(3530:3570): El cliente se desconecto. Terminando servidor
[INFO] 22:41:31:065 Memoria/(3727:3727): Memoria lista para recibir peticiones
[INFO] 22:41:39:418 Memoria/(3727:3727): Se conecto un cliente!
[INFO] 22:41:45:191 Memoria/(3727:3727): Se conecto un cliente!
[INFO] 22:42:12:462 Memoria/(3727:3727): Se conecto un cliente!
[ERROR] 22:43:05:428 Memoria/(3727:3807): El cliente se desconecto. Terminando servidor
[ERROR] 22:43:05:430 Memoria/(3727:3745): El cliente se desconecto. Terminando servidor
[ERROR] 22:43:05:723 Memoria/(3727:3759): El cliente se desconecto. Terminando servidor
[INFO] 22:46:35:210 Memoria/(3949:3949): Memoria lista para recibir peticiones
[INFO] 22:46:41:065 Memoria/(3949:3949): Se conecto un cliente!
[INFO] 22:46:45:820 Memoria/(3949:3949): Se conecto un cliente!
[INFO] 22:46:55:233 Memoria/(3949:3949): Se conecto un cliente!
[INFO] 22:48:29:185 Memoria/(4068:4068): Memoria lista para recibir peticiones
[INFO] 22:48:37:035 Memoria/(4068:4068): Se conecto un cliente!
[INFO] 22:48:43:621 Memoria/(4068:4068): Se conecto un cliente!
[INFO] 22:49:00:655 Memoria/(4068:4068): Se conecto un cliente!
[ERROR] 22:50:42:537 Memoria/(4068:4149): El cliente se desconecto. Terminando servidor
[ERROR] 22:50:42:804 Memoria/(4068:4086): El cliente se desconecto. Terminando servidor
[ERROR] 22:51:52:623 Memoria/(4068:4099): El cliente se desconecto. Terminando servidor
[INFO] 22:52:07:156 Memoria/(4240:4240): Memoria lista para recibir peticiones
[INFO] 22:52:18:991 Memoria/(4240:4240): Se conecto un cliente!
[INFO] 22:52:22:920 Memoria/(4240:4240): Se conecto un cliente!
[INFO] 22:52:27:569 Memoria/(4240:4240): Se conecto un cliente!
[INFO] 22:58:51:892 Memoria/(4573:4573): Memoria lista para recibir peticiones
[INFO] 22:58:53:319 Memoria/(4573:4573): Se conecto un cliente!
[INFO] 22:58:55:569 Memoria/(4573:4573): Se conecto un cliente!
[ERROR] 22:58:55:874 Memoria/(4573:4677): El cliente se desconecto. Terminando servidor
[INFO] 22:58:56:216 Memoria/(4573:4573): Se conecto un cliente!
[INFO] 22:59:23:731 Memoria/(4696:4696): Memoria lista para recibir peticiones
[INFO] 22:59:29:303 Memoria/(4696:4696): Se conecto un cliente!
[INFO] 22:59:36:071 Memoria/(4696:4696): Se conecto un cliente!
[INFO] 22:59:52:697 Memoria/(4696:4696): Se conecto un cliente!
[ERROR] 22:59:53:024 Memoria/(4696:4744): El cliente se desconecto. Terminando servidor
[ERROR] 22:59:53:343 Memoria/(4696:4713): El cliente se desconecto. Terminando servidor
[ERROR] 23:00:35:636 Memoria/(4696:4729): El cliente se desconecto. Terminando servidor
[INFO] 23:00:47:282 Memoria/(4758:4758): Memoria lista para recibir peticiones
[INFO] 23:00:53:089 Memoria/(4758:4758): Se conecto un cliente!
[INFO] 23:00:58:047 Memoria/(4758:4758): Se conecto un cliente!
[INFO] 23:01:23:396 Memoria/(4758:4758): Se conecto un cliente!
[ERROR] 23:04:57:794 Memoria/(4758:4840): El cliente se desconecto. Terminando servidor
[ERROR] 23:04:57:801 Memoria/(4758:4789): El cliente se desconecto. Terminando servidor
[ERROR] 23:04:58:116 Memoria/(4758:4776): El cliente se desconecto. Terminando servidor
[INFO] 23:05:13:657 Memoria/(4908:4908): Memoria lista para recibir peticiones
[INFO] 23:05:20:924 Memoria/(4908:4908): Se conecto un cliente!
[INFO] 23:05:27:558 Memoria/(4908:4908): Se conecto un cliente!
[INFO] 23:05:36:051 Memoria/(4908:4908): Se conecto un cliente!
[ERROR] 23:06:52:524 Memoria/(4908:4953): El cliente se desconecto. Terminando servidor
[ERROR] 23:06:52:526 Memoria/(4908:4926): El cliente se desconecto. Terminando servidor
[ERROR] 23:06:52:882 Memoria/(4908:4940): El cliente se desconecto. Terminando servidor
[INFO] 23:08:01:997 Memoria/(5008:5008): Memoria lista para recibir peticiones
[INFO] 23:08:07:319 Memoria/(5008:5008): Se conecto un cliente!
[INFO] 23:08:13:115 Memoria/(5008:5008): Se conecto un cliente!
[INFO] 23:08:20:046 Memoria/(5008:5008): Se conecto un cliente!
[INFO] 23:11:49:929 Memoria/(5230:5230): Memoria lista para recibir peticiones
[INFO] 23:11:54:259 Memoria/(5230:5230): Se conecto un cliente!
[INFO] 23:11:59:988 Memoria/(5230:5230): Se conecto un cliente!
[INFO] 23:12:07:136 Memoria/(5230:5230): Se conecto un cliente!
[ERROR] 23:14:56:191 Memoria/(5230:5295): El cliente se desconecto. Terminando servidor
[ERROR] 23:14:56:194 Memoria/(5230:5264): El cliente se desconecto. Terminando servidor
[ERROR] 23:14:56:499 Memoria/(5230:5250): El cliente se desconecto. Terminando servidor
[INFO] 23:25:45:141 Memoria/(5941:5941): Memoria lista para recibir peticiones
[INFO] 23:25:50:667 Memoria/(5941:5941): Se conecto un cliente!
[INFO] 23:25:55:664 Memoria/(5941:5941): Se conecto un cliente!
[INFO] 23:26:02:069 Memoria/(5941:5941): Se conecto un cliente!
[INFO] 23:31:36:220 Memoria/(6163:6163): Memoria lista para recibir peticiones
[INFO] 23:31:51:003 Memoria/(6163:6163): Se conecto un cliente!
[INFO] 23:31:55:055 Memoria/(6163:6163): Se conecto un cliente!
[INFO] 23:32:02:951 Memoria/(6163:6163): Se conecto un cliente!
[INFO] 23:35:14:337 Memoria/(6370:6370): Memoria lista para recibir peticiones
[INFO] 23:35:18:935 Memoria/(6370:6370): Se conecto un cliente!
[INFO] 23:35:23:211 Memoria/(6370:6370): Se conecto un cliente!
[INFO] 23:35:30:658 Memoria/(6370:6370): Se conecto un cliente!
[ERROR] 23:53:44:127 Memoria/(6370:6435): El cliente se desconecto. Terminando servidor
[ERROR] 23:53:44:143 Memoria/(6370:6404): El cliente se desconecto. Terminando servidor
[ERROR] 23:53:44:471 Memoria/(6370:6390): El cliente se desconecto. Terminando servidor
